This file contains any messages produced by compilers while
running configure, to aid debugging if configure makes a mistake.

It was created by configure, which was
generated by GNU Autoconf 2.59.  Invocation command line was

  $ ./configure --enable-ipv6

## --------- ##
## Platform. ##
## --------- ##

hostname = c3p0.reverse.net
uname -m = amd64
uname -r = 7.3-RELEASE-p2
uname -s = FreeBSD
uname -v = FreeBSD 7.3-RELEASE-p2 #0: Mon Jul 12 19:23:19 UTC 2010     root@amd64-builder.daemonology.net:/usr/obj/usr/src/sys/GENERIC 

/usr/bin/uname -p = amd64
/bin/uname -X     = unknown

/bin/arch              = unknown
/usr/bin/arch -k       = unknown
/usr/convex/getsysinfo = unknown
hostinfo               = unknown
/bin/machine           = unknown
/usr/bin/oslevel       = unknown
/bin/universe          = unknown

PATH: /home/packet/bin
PATH: /bin
PATH: /usr/bin
PATH: /sbin
PATH: /usr/sbin
PATH: /usr/local/mysql/bin
PATH: /usr/local/bin
PATH: /usr/local/sbin
PATH: /usr/games
PATH: /usr/X11R6/bin
PATH: .


## ----------- ##
## Core tests. ##
## ----------- ##

configure:1414: checking for gcc
configure:1430: found /usr/bin/gcc
configure:1440: result: gcc
configure:1684: checking for C compiler version
configure:1687: gcc --version </dev/null >&5
gcc (GCC) 4.2.1 20070719  [FreeBSD]
Copyright (C) 2007 Free Software Foundation, Inc.
This is free software; see the source for copying conditions.  There is NO
warranty; not even for MERCHANTABILITY or FITNESS FOR A PARTICULAR PURPOSE.

configure:1690: $? = 0
configure:1692: gcc -v </dev/null >&5
Using built-in specs.
Target: amd64-undermydesk-freebsd
Configured with: FreeBSD/amd64 system compiler
Thread model: posix
gcc version 4.2.1 20070719  [FreeBSD]
configure:1695: $? = 0
configure:1697: gcc -V </dev/null >&5
gcc: '-V' option must have argument
configure:1700: $? = 1
configure:1723: checking for C compiler default output file name
configure:1726: gcc    conftest.c  >&5
configure:1729: $? = 0
configure:1775: result: a.out
configure:1780: checking whether the C compiler works
configure:1786: ./a.out
configure:1789: $? = 0
configure:1806: result: yes
configure:1813: checking whether we are cross compiling
configure:1815: result: no
configure:1818: checking for suffix of executables
configure:1820: gcc -o conftest    conftest.c  >&5
configure:1823: $? = 0
configure:1848: result: 
configure:1854: checking for suffix of object files
configure:1875: gcc -c   conftest.c >&5
configure:1878: $? = 0
configure:1900: result: o
configure:1904: checking whether we are using the GNU C compiler
configure:1928: gcc -c   conftest.c >&5
configure:1934: $? = 0
configure:1938: test -z 
			 || test ! -s conftest.err
configure:1941: $? = 0
configure:1944: test -s conftest.o
configure:1947: $? = 0
configure:1960: result: yes
configure:1966: checking whether gcc accepts -g
configure:1987: gcc -c -g  conftest.c >&5
configure:1993: $? = 0
configure:1997: test -z 
			 || test ! -s conftest.err
configure:2000: $? = 0
configure:2003: test -s conftest.o
configure:2006: $? = 0
configure:2017: result: yes
configure:2034: checking for gcc option to accept ANSI C
configure:2104: gcc  -c -g -O2  conftest.c >&5
configure:2110: $? = 0
configure:2114: test -z 
			 || test ! -s conftest.err
configure:2117: $? = 0
configure:2120: test -s conftest.o
configure:2123: $? = 0
configure:2141: result: none needed
configure:2159: gcc -c -g -O2  conftest.c >&5
conftest.c:2: error: expected '=', ',', ';', 'asm' or '__attribute__' before 'me'
configure:2165: $? = 1
configure: failed program was:
| #ifndef __cplusplus
|   choke me
| #endif
configure:2336: checking for a BSD-compatible install
configure:2391: result: /usr/bin/install -c
configure:2402: checking whether build environment is sane
configure:2445: result: yes
configure:2447: checking whether ln -s works
configure:2451: result: yes
configure:2473: checking for gmake
configure:2489: found /usr/local/bin/gmake
configure:2499: result: gmake
configure:2544: checking whether gmake sets $(MAKE)
configure:2564: result: yes
configure:2579: checking how to run the C preprocessor
configure:2614: gcc -E  conftest.c
configure:2620: $? = 0
configure:2652: gcc -E  conftest.c
conftest.c:10:28: error: ac_nonexistent.h: No such file or directory
configure:2658: $? = 1
configure: failed program was:
| /* confdefs.h.  */
| 
| #define PACKAGE_NAME ""
| #define PACKAGE_TARNAME ""
| #define PACKAGE_VERSION ""
| #define PACKAGE_STRING ""
| #define PACKAGE_BUGREPORT ""
| #define VERSION_NUMBER "1.2c01-svn"
| /* end confdefs.h.  */
| #include <ac_nonexistent.h>
configure:2697: result: gcc -E
configure:2721: gcc -E  conftest.c
configure:2727: $? = 0
configure:2759: gcc -E  conftest.c
conftest.c:10:28: error: ac_nonexistent.h: No such file or directory
configure:2765: $? = 1
configure: failed program was:
| /* confdefs.h.  */
| 
| #define PACKAGE_NAME ""
| #define PACKAGE_TARNAME ""
| #define PACKAGE_VERSION ""
| #define PACKAGE_STRING ""
| #define PACKAGE_BUGREPORT ""
| #define VERSION_NUMBER "1.2c01-svn"
| /* end confdefs.h.  */
| #include <ac_nonexistent.h>
configure:2809: checking for egrep
configure:2819: result: grep -E
configure:2825: checking whether gcc needs -traditional
In file included from /usr/include/sys/ioctl.h:81,
                 from /usr/include/sgtty.h:39,
                 from conftest.c:10:
/usr/include/sys/ioctl_compat.h:45:2: warning: #warning "Old BSD tty API used and depends on COMPAT_43TTY. Use termios.h instead"
conftest.c:10:20: error: termio.h: No such file or directory
configure:2867: result: no
configure:2874: checking for library containing strerror
configure:2904: gcc -o conftest -g -O2   conftest.c  >&5
configure:2910: $? = 0
configure:2914: test -z 
			 || test ! -s conftest.err
configure:2917: $? = 0
configure:2920: test -s conftest
configure:2923: $? = 0
configure:2993: result: none required
configure:3001: checking for AIX
configure:3023: result: no
configure:3033: checking for gawk
configure:3062: result: no
configure:3033: checking for mawk
configure:3062: result: no
configure:3033: checking for nawk
configure:3049: found /usr/bin/nawk
configure:3059: result: nawk
configure:3070: checking whether compiler understands -fno-strict-aliasing
configure:3090: gcc -c -g -O2 -fno-strict-aliasing  conftest.c >&5
configure:3096: $? = 0
configure:3100: test -z 
			 || test ! -s conftest.err
configure:3103: $? = 0
configure:3106: test -s conftest.o
configure:3109: $? = 0
configure:3111: result: yes
configure:3123: checking for getpwnam in -lsun
configure:3153: gcc -o conftest -g -O2 -fno-strict-aliasing   conftest.c -lsun   >&5
/usr/bin/ld: cannot find -lsun
configure:3159: $? = 1
configure: failed program was:
| /* confdefs.h.  */
| 
| #define PACKAGE_NAME ""
| #define PACKAGE_TARNAME ""
| #define PACKAGE_VERSION ""
| #define PACKAGE_STRING ""
| #define PACKAGE_BUGREPORT ""
| #define VERSION_NUMBER "1.2c01-svn"
| /* end confdefs.h.  */
| 
| /* Override any gcc2 internal prototype to avoid an error.  */
| #ifdef __cplusplus
| extern "C"
| #endif
| /* We use char because int might match the return type of a gcc2
|    builtin and then its argument prototype would still apply.  */
| char getpwnam ();
| int
| main ()
| {
| getpwnam ();
|   ;
|   return 0;
| }
configure:3185: result: no
configure:3191: checking for inet_addr in -ldgc
configure:3221: gcc -o conftest -g -O2 -fno-strict-aliasing   conftest.c -ldgc   >&5
/usr/bin/ld: cannot find -ldgc
configure:3227: $? = 1
configure: failed program was:
| /* confdefs.h.  */
| 
| #define PACKAGE_NAME ""
| #define PACKAGE_TARNAME ""
| #define PACKAGE_VERSION ""
| #define PACKAGE_STRING ""
| #define PACKAGE_BUGREPORT ""
| #define VERSION_NUMBER "1.2c01-svn"
| /* end confdefs.h.  */
| 
| /* Override any gcc2 internal prototype to avoid an error.  */
| #ifdef __cplusplus
| extern "C"
| #endif
| /* We use char because int might match the return type of a gcc2
|    builtin and then its argument prototype would still apply.  */
| char inet_addr ();
| int
| main ()
| {
| inet_addr ();
|   ;
|   return 0;
| }
configure:3253: result: no
configure:3259: checking for res_mkquery in -lresolv
configure:3289: gcc -o conftest -g -O2 -fno-strict-aliasing   conftest.c -lresolv   >&5
/usr/bin/ld: cannot find -lresolv
configure:3295: $? = 1
configure: failed program was:
| /* confdefs.h.  */
| 
| #define PACKAGE_NAME ""
| #define PACKAGE_TARNAME ""
| #define PACKAGE_VERSION ""
| #define PACKAGE_STRING ""
| #define PACKAGE_BUGREPORT ""
| #define VERSION_NUMBER "1.2c01-svn"
| /* end confdefs.h.  */
| 
| /* Override any gcc2 internal prototype to avoid an error.  */
| #ifdef __cplusplus
| extern "C"
| #endif
| /* We use char because int might match the return type of a gcc2
|    builtin and then its argument prototype would still apply.  */
| char res_mkquery ();
| int
| main ()
| {
| res_mkquery ();
|   ;
|   return 0;
| }
configure:3321: result: no
configure:3331: checking for res_mkquery in -lc
configure:3361: gcc -o conftest -g -O2 -fno-strict-aliasing   conftest.c -lc   >&5
configure:3367: $? = 0
configure:3371: test -z 
			 || test ! -s conftest.err
configure:3374: $? = 0
configure:3377: test -s conftest
configure:3380: $? = 0
configure:3393: result: yes
configure:3403: checking for crypt in -lcrypt
configure:3433: gcc -o conftest -g -O2 -fno-strict-aliasing   conftest.c -lcrypt   >&5
configure:3439: $? = 0
configure:3443: test -z 
			 || test ! -s conftest.err
configure:3446: $? = 0
configure:3449: test -s conftest
configure:3452: $? = 0
configure:3465: result: yes
configure:3475: checking for pow in -lm
configure:3505: gcc -o conftest -g -O2 -fno-strict-aliasing   conftest.c -lm  -lcrypt  >&5
conftest.c:19: warning: conflicting types for built-in function 'pow'
configure:3511: $? = 0
configure:3515: test -z 
			 || test ! -s conftest.err
configure:3518: $? = 0
configure:3521: test -s conftest
configure:3524: $? = 0
configure:3537: result: yes
configure:3552: checking for dirent.h that defines DIR
configure:3576: gcc -c -g -O2 -fno-strict-aliasing  conftest.c >&5
configure:3582: $? = 0
configure:3586: test -z 
			 || test ! -s conftest.err
configure:3589: $? = 0
configure:3592: test -s conftest.o
configure:3595: $? = 0
configure:3606: result: yes
configure:3619: checking for library containing opendir
configure:3649: gcc -o conftest -g -O2 -fno-strict-aliasing   conftest.c -lm -lcrypt  >&5
configure:3655: $? = 0
configure:3659: test -z 
			 || test ! -s conftest.err
configure:3662: $? = 0
configure:3665: test -s conftest
configure:3668: $? = 0
configure:3738: result: none required
configure:3874: checking for ANSI C header files
configure:3899: gcc -c -g -O2 -fno-strict-aliasing  conftest.c >&5
configure:3905: $? = 0
configure:3909: test -z 
			 || test ! -s conftest.err
configure:3912: $? = 0
configure:3915: test -s conftest.o
configure:3918: $? = 0
configure:4007: gcc -o conftest -g -O2 -fno-strict-aliasing   conftest.c -lm -lcrypt  >&5
conftest.c: In function 'main':
conftest.c:30: warning: incompatible implicit declaration of built-in function 'exit'
configure:4010: $? = 0
configure:4012: ./conftest
configure:4015: $? = 0
configure:4030: result: yes
configure:4054: checking for sys/types.h
configure:4070: gcc -c -g -O2 -fno-strict-aliasing  conftest.c >&5
configure:4076: $? = 0
configure:4080: test -z 
			 || test ! -s conftest.err
configure:4083: $? = 0
configure:4086: test -s conftest.o
configure:4089: $? = 0
configure:4100: result: yes
configure:4054: checking for sys/stat.h
configure:4070: gcc -c -g -O2 -fno-strict-aliasing  conftest.c >&5
configure:4076: $? = 0
configure:4080: test -z 
			 || test ! -s conftest.err
configure:4083: $? = 0
configure:4086: test -s conftest.o
configure:4089: $? = 0
configure:4100: result: yes
configure:4054: checking for stdlib.h
configure:4070: gcc -c -g -O2 -fno-strict-aliasing  conftest.c >&5
configure:4076: $? = 0
configure:4080: test -z 
			 || test ! -s conftest.err
configure:4083: $? = 0
configure:4086: test -s conftest.o
configure:4089: $? = 0
configure:4100: result: yes
configure:4054: checking for string.h
configure:4070: gcc -c -g -O2 -fno-strict-aliasing  conftest.c >&5
configure:4076: $? = 0
configure:4080: test -z 
			 || test ! -s conftest.err
configure:4083: $? = 0
configure:4086: test -s conftest.o
configure:4089: $? = 0
configure:4100: result: yes
configure:4054: checking for memory.h
configure:4070: gcc -c -g -O2 -fno-strict-aliasing  conftest.c >&5
configure:4076: $? = 0
configure:4080: test -z 
			 || test ! -s conftest.err
configure:4083: $? = 0
configure:4086: test -s conftest.o
configure:4089: $? = 0
configure:4100: result: yes
configure:4054: checking for strings.h
configure:4070: gcc -c -g -O2 -fno-strict-aliasing  conftest.c >&5
configure:4076: $? = 0
configure:4080: test -z 
			 || test ! -s conftest.err
configure:4083: $? = 0
configure:4086: test -s conftest.o
configure:4089: $? = 0
configure:4100: result: yes
configure:4054: checking for inttypes.h
configure:4070: gcc -c -g -O2 -fno-strict-aliasing  conftest.c >&5
configure:4076: $? = 0
configure:4080: test -z 
			 || test ! -s conftest.err
configure:4083: $? = 0
configure:4086: test -s conftest.o
configure:4089: $? = 0
configure:4100: result: yes
configure:4054: checking for stdint.h
configure:4070: gcc -c -g -O2 -fno-strict-aliasing  conftest.c >&5
configure:4076: $? = 0
configure:4080: test -z 
			 || test ! -s conftest.err
configure:4083: $? = 0
configure:4086: test -s conftest.o
configure:4089: $? = 0
configure:4100: result: yes
configure:4054: checking for unistd.h
configure:4070: gcc -c -g -O2 -fno-strict-aliasing  conftest.c >&5
configure:4076: $? = 0
configure:4080: test -z 
			 || test ! -s conftest.err
configure:4083: $? = 0
configure:4086: test -s conftest.o
configure:4089: $? = 0
configure:4100: result: yes
configure:4140: checking sys/socket.h usability
configure:4152: gcc -c -g -O2 -fno-strict-aliasing  conftest.c >&5
configure:4158: $? = 0
configure:4162: test -z 
			 || test ! -s conftest.err
configure:4165: $? = 0
configure:4168: test -s conftest.o
configure:4171: $? = 0
configure:4181: result: yes
configure:4185: checking sys/socket.h presence
configure:4195: gcc -E  conftest.c
configure:4201: $? = 0
configure:4221: result: yes
configure:4256: checking for sys/socket.h
configure:4263: result: yes
configure:4140: checking sys/time.h usability
configure:4152: gcc -c -g -O2 -fno-strict-aliasing  conftest.c >&5
configure:4158: $? = 0
configure:4162: test -z 
			 || test ! -s conftest.err
configure:4165: $? = 0
configure:4168: test -s conftest.o
configure:4171: $? = 0
configure:4181: result: yes
configure:4185: checking sys/time.h presence
configure:4195: gcc -E  conftest.c
configure:4201: $? = 0
configure:4221: result: yes
configure:4256: checking for sys/time.h
configure:4263: result: yes
configure:4140: checking sys/fcntl.h usability
configure:4152: gcc -c -g -O2 -fno-strict-aliasing  conftest.c >&5
configure:4158: $? = 0
configure:4162: test -z 
			 || test ! -s conftest.err
configure:4165: $? = 0
configure:4168: test -s conftest.o
configure:4171: $? = 0
configure:4181: result: yes
configure:4185: checking sys/fcntl.h presence
configure:4195: gcc -E  conftest.c
configure:4201: $? = 0
configure:4221: result: yes
configure:4256: checking for sys/fcntl.h
configure:4263: result: yes
configure:4140: checking fcntl.h usability
configure:4152: gcc -c -g -O2 -fno-strict-aliasing  conftest.c >&5
configure:4158: $? = 0
configure:4162: test -z 
			 || test ! -s conftest.err
configure:4165: $? = 0
configure:4168: test -s conftest.o
configure:4171: $? = 0
configure:4181: result: yes
configure:4185: checking fcntl.h presence
configure:4195: gcc -E  conftest.c
configure:4201: $? = 0
configure:4221: result: yes
configure:4256: checking for fcntl.h
configure:4263: result: yes
configure:4140: checking sys/file.h usability
configure:4152: gcc -c -g -O2 -fno-strict-aliasing  conftest.c >&5
configure:4158: $? = 0
configure:4162: test -z 
			 || test ! -s conftest.err
configure:4165: $? = 0
configure:4168: test -s conftest.o
configure:4171: $? = 0
configure:4181: result: yes
configure:4185: checking sys/file.h presence
configure:4195: gcc -E  conftest.c
configure:4201: $? = 0
configure:4221: result: yes
configure:4256: checking for sys/file.h
configure:4263: result: yes
configure:4140: checking netinet/in.h usability
configure:4152: gcc -c -g -O2 -fno-strict-aliasing  conftest.c >&5
configure:4158: $? = 0
configure:4162: test -z 
			 || test ! -s conftest.err
configure:4165: $? = 0
configure:4168: test -s conftest.o
configure:4171: $? = 0
configure:4181: result: yes
configure:4185: checking netinet/in.h presence
configure:4195: gcc -E  conftest.c
configure:4201: $? = 0
configure:4221: result: yes
configure:4256: checking for netinet/in.h
configure:4263: result: yes
configure:4140: checking netdb.h usability
configure:4152: gcc -c -g -O2 -fno-strict-aliasing  conftest.c >&5
configure:4158: $? = 0
configure:4162: test -z 
			 || test ! -s conftest.err
configure:4165: $? = 0
configure:4168: test -s conftest.o
configure:4171: $? = 0
configure:4181: result: yes
configure:4185: checking netdb.h presence
configure:4195: gcc -E  conftest.c
configure:4201: $? = 0
configure:4221: result: yes
configure:4256: checking for netdb.h
configure:4263: result: yes
configure:4140: checking sys/un.h usability
configure:4152: gcc -c -g -O2 -fno-strict-aliasing  conftest.c >&5
configure:4158: $? = 0
configure:4162: test -z 
			 || test ! -s conftest.err
configure:4165: $? = 0
configure:4168: test -s conftest.o
configure:4171: $? = 0
configure:4181: result: yes
configure:4185: checking sys/un.h presence
configure:4195: gcc -E  conftest.c
configure:4201: $? = 0
configure:4221: result: yes
configure:4256: checking for sys/un.h
configure:4263: result: yes
configure:4140: checking sys/filio.h usability
configure:4152: gcc -c -g -O2 -fno-strict-aliasing  conftest.c >&5
configure:4158: $? = 0
configure:4162: test -z 
			 || test ! -s conftest.err
configure:4165: $? = 0
configure:4168: test -s conftest.o
configure:4171: $? = 0
configure:4181: result: yes
configure:4185: checking sys/filio.h presence
configure:4195: gcc -E  conftest.c
configure:4201: $? = 0
configure:4221: result: yes
configure:4256: checking for sys/filio.h
configure:4263: result: yes
configure:4140: checking regex.h usability
configure:4152: gcc -c -g -O2 -fno-strict-aliasing  conftest.c >&5
configure:4158: $? = 0
configure:4162: test -z 
			 || test ! -s conftest.err
configure:4165: $? = 0
configure:4168: test -s conftest.o
configure:4171: $? = 0
configure:4181: result: yes
configure:4185: checking regex.h presence
configure:4195: gcc -E  conftest.c
configure:4201: $? = 0
configure:4221: result: yes
configure:4256: checking for regex.h
configure:4263: result: yes
configure:4140: checking arpa/nameser.h usability
configure:4152: gcc -c -g -O2 -fno-strict-aliasing  conftest.c >&5
configure:4158: $? = 0
configure:4162: test -z 
			 || test ! -s conftest.err
configure:4165: $? = 0
configure:4168: test -s conftest.o
configure:4171: $? = 0
configure:4181: result: yes
configure:4185: checking arpa/nameser.h presence
configure:4195: gcc -E  conftest.c
configure:4201: $? = 0
configure:4221: result: yes
configure:4256: checking for arpa/nameser.h
configure:4263: result: yes
configure:4140: checking dirent.h usability
configure:4152: gcc -c -g -O2 -fno-strict-aliasing  conftest.c >&5
configure:4158: $? = 0
configure:4162: test -z 
			 || test ! -s conftest.err
configure:4165: $? = 0
configure:4168: test -s conftest.o
configure:4171: $? = 0
configure:4181: result: yes
configure:4185: checking dirent.h presence
configure:4195: gcc -E  conftest.c
configure:4201: $? = 0
configure:4221: result: yes
configure:4256: checking for dirent.h
configure:4263: result: yes
configure:4140: checking sys/ndir.h usability
configure:4152: gcc -c -g -O2 -fno-strict-aliasing  conftest.c >&5
conftest.c:69:22: error: sys/ndir.h: No such file or directory
configure:4158: $? = 1
configure: failed program was:
| /* confdefs.h.  */
| 
| #define PACKAGE_NAME ""
| #define PACKAGE_TARNAME ""
| #define PACKAGE_VERSION ""
| #define PACKAGE_STRING ""
| #define PACKAGE_BUGREPORT ""
| #define VERSION_NUMBER "1.2c01-svn"
| #define HAVE_RESOLV 1
| #define HAVE_CRYPT 1
| #define HAVE_DIRENT_H 1
| #define STDC_HEADERS 1
| #define HAVE_SYS_TYPES_H 1
| #define HAVE_SYS_STAT_H 1
| #define HAVE_STDLIB_H 1
| #define HAVE_STRING_H 1
| #define HAVE_MEMORY_H 1
| #define HAVE_STRINGS_H 1
| #define HAVE_INTTYPES_H 1
| #define HAVE_STDINT_H 1
| #define HAVE_UNISTD_H 1
| #define HAVE_SYS_SOCKET_H 1
| #define HAVE_SYS_TIME_H 1
| #define HAVE_SYS_FCNTL_H 1
| #define HAVE_FCNTL_H 1
| #define HAVE_SYS_FILE_H 1
| #define HAVE_NETINET_IN_H 1
| #define HAVE_NETDB_H 1
| #define HAVE_SYS_UN_H 1
| #define HAVE_SYS_FILIO_H 1
| #define HAVE_REGEX_H 1
| #define HAVE_ARPA_NAMESER_H 1
| #define HAVE_DIRENT_H 1
| /* end confdefs.h.  */
| #include <stdio.h>
| #if HAVE_SYS_TYPES_H
| # include <sys/types.h>
| #endif
| #if HAVE_SYS_STAT_H
| # include <sys/stat.h>
| #endif
| #if STDC_HEADERS
| # include <stdlib.h>
| # include <stddef.h>
| #else
| # if HAVE_STDLIB_H
| #  include <stdlib.h>
| # endif
| #endif
| #if HAVE_STRING_H
| # if !STDC_HEADERS && HAVE_MEMORY_H
| #  include <memory.h>
| # endif
| # include <string.h>
| #endif
| #if HAVE_STRINGS_H
| # include <strings.h>
| #endif
| #if HAVE_INTTYPES_H
| # include <inttypes.h>
| #else
| # if HAVE_STDINT_H
| #  include <stdint.h>
| # endif
| #endif
| #if HAVE_UNISTD_H
| # include <unistd.h>
| #endif
| #include <sys/ndir.h>
configure:4181: result: no
configure:4185: checking sys/ndir.h presence
configure:4195: gcc -E  conftest.c
conftest.c:35:22: error: sys/ndir.h: No such file or directory
configure:4201: $? = 1
configure: failed program was:
| /* confdefs.h.  */
| 
| #define PACKAGE_NAME ""
| #define PACKAGE_TARNAME ""
| #define PACKAGE_VERSION ""
| #define PACKAGE_STRING ""
| #define PACKAGE_BUGREPORT ""
| #define VERSION_NUMBER "1.2c01-svn"
| #define HAVE_RESOLV 1
| #define HAVE_CRYPT 1
| #define HAVE_DIRENT_H 1
| #define STDC_HEADERS 1
| #define HAVE_SYS_TYPES_H 1
| #define HAVE_SYS_STAT_H 1
| #define HAVE_STDLIB_H 1
| #define HAVE_STRING_H 1
| #define HAVE_MEMORY_H 1
| #define HAVE_STRINGS_H 1
| #define HAVE_INTTYPES_H 1
| #define HAVE_STDINT_H 1
| #define HAVE_UNISTD_H 1
| #define HAVE_SYS_SOCKET_H 1
| #define HAVE_SYS_TIME_H 1
| #define HAVE_SYS_FCNTL_H 1
| #define HAVE_FCNTL_H 1
| #define HAVE_SYS_FILE_H 1
| #define HAVE_NETINET_IN_H 1
| #define HAVE_NETDB_H 1
| #define HAVE_SYS_UN_H 1
| #define HAVE_SYS_FILIO_H 1
| #define HAVE_REGEX_H 1
| #define HAVE_ARPA_NAMESER_H 1
| #define HAVE_DIRENT_H 1
| /* end confdefs.h.  */
| #include <sys/ndir.h>
configure:4221: result: no
configure:4256: checking for sys/ndir.h
configure:4263: result: no
configure:4140: checking sys/dir.h usability
configure:4152: gcc -c -g -O2 -fno-strict-aliasing  conftest.c >&5
In file included from conftest.c:69:
/usr/include/sys/dir.h:39:2: warning: #warning "The information in this file should be obtained from <dirent.h>"
/usr/include/sys/dir.h:40:2: warning: #warning "and is provided solely (and temporarily) for backward compatibility."
configure:4158: $? = 0
configure:4162: test -z 
			 || test ! -s conftest.err
configure:4165: $? = 0
configure:4168: test -s conftest.o
configure:4171: $? = 0
configure:4181: result: yes
configure:4185: checking sys/dir.h presence
configure:4195: gcc -E  conftest.c
In file included from conftest.c:35:
/usr/include/sys/dir.h:39:2: warning: #warning "The information in this file should be obtained from <dirent.h>"
/usr/include/sys/dir.h:40:2: warning: #warning "and is provided solely (and temporarily) for backward compatibility."
configure:4201: $? = 0
configure:4221: result: yes
configure:4256: checking for sys/dir.h
configure:4263: result: yes
configure:4140: checking ndir.h usability
configure:4152: gcc -c -g -O2 -fno-strict-aliasing  conftest.c >&5
conftest.c:70:18: error: ndir.h: No such file or directory
configure:4158: $? = 1
configure: failed program was:
| /* confdefs.h.  */
| 
| #define PACKAGE_NAME ""
| #define PACKAGE_TARNAME ""
| #define PACKAGE_VERSION ""
| #define PACKAGE_STRING ""
| #define PACKAGE_BUGREPORT ""
| #define VERSION_NUMBER "1.2c01-svn"
| #define HAVE_RESOLV 1
| #define HAVE_CRYPT 1
| #define HAVE_DIRENT_H 1
| #define STDC_HEADERS 1
| #define HAVE_SYS_TYPES_H 1
| #define HAVE_SYS_STAT_H 1
| #define HAVE_STDLIB_H 1
| #define HAVE_STRING_H 1
| #define HAVE_MEMORY_H 1
| #define HAVE_STRINGS_H 1
| #define HAVE_INTTYPES_H 1
| #define HAVE_STDINT_H 1
| #define HAVE_UNISTD_H 1
| #define HAVE_SYS_SOCKET_H 1
| #define HAVE_SYS_TIME_H 1
| #define HAVE_SYS_FCNTL_H 1
| #define HAVE_FCNTL_H 1
| #define HAVE_SYS_FILE_H 1
| #define HAVE_NETINET_IN_H 1
| #define HAVE_NETDB_H 1
| #define HAVE_SYS_UN_H 1
| #define HAVE_SYS_FILIO_H 1
| #define HAVE_REGEX_H 1
| #define HAVE_ARPA_NAMESER_H 1
| #define HAVE_DIRENT_H 1
| #define HAVE_SYS_DIR_H 1
| /* end confdefs.h.  */
| #include <stdio.h>
| #if HAVE_SYS_TYPES_H
| # include <sys/types.h>
| #endif
| #if HAVE_SYS_STAT_H
| # include <sys/stat.h>
| #endif
| #if STDC_HEADERS
| # include <stdlib.h>
| # include <stddef.h>
| #else
| # if HAVE_STDLIB_H
| #  include <stdlib.h>
| # endif
| #endif
| #if HAVE_STRING_H
| # if !STDC_HEADERS && HAVE_MEMORY_H
| #  include <memory.h>
| # endif
| # include <string.h>
| #endif
| #if HAVE_STRINGS_H
| # include <strings.h>
| #endif
| #if HAVE_INTTYPES_H
| # include <inttypes.h>
| #else
| # if HAVE_STDINT_H
| #  include <stdint.h>
| # endif
| #endif
| #if HAVE_UNISTD_H
| # include <unistd.h>
| #endif
| #include <ndir.h>
configure:4181: result: no
configure:4185: checking ndir.h presence
configure:4195: gcc -E  conftest.c
conftest.c:36:18: error: ndir.h: No such file or directory
configure:4201: $? = 1
configure: failed program was:
| /* confdefs.h.  */
| 
| #define PACKAGE_NAME ""
| #define PACKAGE_TARNAME ""
| #define PACKAGE_VERSION ""
| #define PACKAGE_STRING ""
| #define PACKAGE_BUGREPORT ""
| #define VERSION_NUMBER "1.2c01-svn"
| #define HAVE_RESOLV 1
| #define HAVE_CRYPT 1
| #define HAVE_DIRENT_H 1
| #define STDC_HEADERS 1
| #define HAVE_SYS_TYPES_H 1
| #define HAVE_SYS_STAT_H 1
| #define HAVE_STDLIB_H 1
| #define HAVE_STRING_H 1
| #define HAVE_MEMORY_H 1
| #define HAVE_STRINGS_H 1
| #define HAVE_INTTYPES_H 1
| #define HAVE_STDINT_H 1
| #define HAVE_UNISTD_H 1
| #define HAVE_SYS_SOCKET_H 1
| #define HAVE_SYS_TIME_H 1
| #define HAVE_SYS_FCNTL_H 1
| #define HAVE_FCNTL_H 1
| #define HAVE_SYS_FILE_H 1
| #define HAVE_NETINET_IN_H 1
| #define HAVE_NETDB_H 1
| #define HAVE_SYS_UN_H 1
| #define HAVE_SYS_FILIO_H 1
| #define HAVE_REGEX_H 1
| #define HAVE_ARPA_NAMESER_H 1
| #define HAVE_DIRENT_H 1
| #define HAVE_SYS_DIR_H 1
| /* end confdefs.h.  */
| #include <ndir.h>
configure:4221: result: no
configure:4256: checking for ndir.h
configure:4263: result: no
configure:4281: checking for net/if.h
configure:4301: gcc -c -g -O2 -fno-strict-aliasing  conftest.c >&5
configure:4307: $? = 0
configure:4311: test -z 
			 || test ! -s conftest.err
configure:4314: $? = 0
configure:4317: test -s conftest.o
configure:4320: $? = 0
configure:4331: result: yes
configure:4348: checking for arpa/inet.h
configure:4371: gcc -c -g -O2 -fno-strict-aliasing  conftest.c >&5
configure:4377: $? = 0
configure:4381: test -z 
			 || test ! -s conftest.err
configure:4384: $? = 0
configure:4387: test -s conftest.o
configure:4390: $? = 0
configure:4401: result: yes
configure:4348: checking for resolv.h
configure:4371: gcc -c -g -O2 -fno-strict-aliasing  conftest.c >&5
configure:4377: $? = 0
configure:4381: test -z 
			 || test ! -s conftest.err
configure:4384: $? = 0
configure:4387: test -s conftest.o
configure:4390: $? = 0
configure:4401: result: yes
configure:4414: checking for stpcpy in string.h
configure:4439: result: yes
configure:4450: checking for getpgid in unistd.h
configure:4475: result: no
configure:4486: checking for killpg in signal.h
configure:4511: result: yes
configure:4522: checking for getpass in unistd.h
configure:4547: result: yes
configure:4558: checking for errno in errno.h
configure:4583: result: no
configure:4594: checking for struct linger in sys/socket.h
configure:4619: result: yes
configure:4630: checking for sun_len in sys/un.h
configure:4655: result: yes
configure:4666: checking for bcopy in string.h
configure:4691: result: yes
configure:4702: checking whether strsignal is declared
configure:4728: gcc -c -g -O2 -fno-strict-aliasing  conftest.c >&5
configure:4734: $? = 0
configure:4738: test -z 
			 || test ! -s conftest.err
configure:4741: $? = 0
configure:4744: test -s conftest.o
configure:4747: $? = 0
configure:4758: result: yes
configure:4774: checking whether sys_siglist is declared
configure:4800: gcc -c -g -O2 -fno-strict-aliasing  conftest.c >&5
configure:4806: $? = 0
configure:4810: test -z 
			 || test ! -s conftest.err
configure:4813: $? = 0
configure:4816: test -s conftest.o
configure:4819: $? = 0
configure:4830: result: yes
configure:4846: checking whether _sys_siglist is declared
configure:4872: gcc -c -g -O2 -fno-strict-aliasing  conftest.c >&5
conftest.c: In function 'main':
conftest.c:87: error: '_sys_siglist' undeclared (first use in this function)
conftest.c:87: error: (Each undeclared identifier is reported only once
conftest.c:87: error: for each function it appears in.)
configure:4878: $? = 1
configure: failed program was:
| /* confdefs.h.  */
| 
| #define PACKAGE_NAME ""
| #define PACKAGE_TARNAME ""
| #define PACKAGE_VERSION ""
| #define PACKAGE_STRING ""
| #define PACKAGE_BUGREPORT ""
| #define VERSION_NUMBER "1.2c01-svn"
| #define HAVE_RESOLV 1
| #define HAVE_CRYPT 1
| #define HAVE_DIRENT_H 1
| #define STDC_HEADERS 1
| #define HAVE_SYS_TYPES_H 1
| #define HAVE_SYS_STAT_H 1
| #define HAVE_STDLIB_H 1
| #define HAVE_STRING_H 1
| #define HAVE_MEMORY_H 1
| #define HAVE_STRINGS_H 1
| #define HAVE_INTTYPES_H 1
| #define HAVE_STDINT_H 1
| #define HAVE_UNISTD_H 1
| #define HAVE_SYS_SOCKET_H 1
| #define HAVE_SYS_TIME_H 1
| #define HAVE_SYS_FCNTL_H 1
| #define HAVE_FCNTL_H 1
| #define HAVE_SYS_FILE_H 1
| #define HAVE_NETINET_IN_H 1
| #define HAVE_NETDB_H 1
| #define HAVE_SYS_UN_H 1
| #define HAVE_SYS_FILIO_H 1
| #define HAVE_REGEX_H 1
| #define HAVE_ARPA_NAMESER_H 1
| #define HAVE_DIRENT_H 1
| #define HAVE_SYS_DIR_H 1
| #define HAVE_NET_IF_H 1
| #define HAVE_ARPA_INET_H 1
| #define HAVE_RESOLV_H 1
| #define STPCPY_DECLARED 1
| #define KILLPG_DECLARED 1
| #define GETPASS_DECLARED 1
| #define STRUCT_LINGER_DECLARED 1
| #define HAVE_SUN_LEN 1
| #define BCOPY_DECLARED 1
| #define HAVE_DECL_STRSIGNAL 1
| #define HAVE_DECL_SYS_SIGLIST 1
| /* end confdefs.h.  */
| #include <stdio.h>
| #if HAVE_SYS_TYPES_H
| # include <sys/types.h>
| #endif
| #if HAVE_SYS_STAT_H
| # include <sys/stat.h>
| #endif
| #if STDC_HEADERS
| # include <stdlib.h>
| # include <stddef.h>
| #else
| # if HAVE_STDLIB_H
| #  include <stdlib.h>
| # endif
| #endif
| #if HAVE_STRING_H
| # if !STDC_HEADERS && HAVE_MEMORY_H
| #  include <memory.h>
| # endif
| # include <string.h>
| #endif
| #if HAVE_STRINGS_H
| # include <strings.h>
| #endif
| #if HAVE_INTTYPES_H
| # include <inttypes.h>
| #else
| # if HAVE_STDINT_H
| #  include <stdint.h>
| # endif
| #endif
| #if HAVE_UNISTD_H
| # include <unistd.h>
| #endif
| #include <signal.h>
| 
| int
| main ()
| {
| #ifndef _sys_siglist
|   char *p = (char *) _sys_siglist;
| #endif
| 
|   ;
|   return 0;
| }
configure:4902: result: no
configure:4922: checking for an ANSI C-conforming const
configure:4989: gcc -c -g -O2 -fno-strict-aliasing  conftest.c >&5
configure:4995: $? = 0
configure:4999: test -z 
			 || test ! -s conftest.err
configure:5002: $? = 0
configure:5005: test -s conftest.o
configure:5008: $? = 0
configure:5019: result: yes
configure:5029: checking for uid_t in sys/types.h
configure:5052: result: yes
configure:5067: checking for inline
configure:5088: gcc -c -g -O2 -fno-strict-aliasing  conftest.c >&5
configure:5094: $? = 0
configure:5098: test -z 
			 || test ! -s conftest.err
configure:5101: $? = 0
configure:5104: test -s conftest.o
configure:5107: $? = 0
configure:5119: result: inline
configure:5138: checking for mode_t
configure:5162: gcc -c -g -O2 -fno-strict-aliasing  conftest.c >&5
configure:5168: $? = 0
configure:5172: test -z 
			 || test ! -s conftest.err
configure:5175: $? = 0
configure:5178: test -s conftest.o
configure:5181: $? = 0
configure:5192: result: yes
configure:5204: checking for off_t
configure:5228: gcc -c -g -O2 -fno-strict-aliasing  conftest.c >&5
configure:5234: $? = 0
configure:5238: test -z 
			 || test ! -s conftest.err
configure:5241: $? = 0
configure:5244: test -s conftest.o
configure:5247: $? = 0
configure:5258: result: yes
configure:5270: checking for pid_t
configure:5294: gcc -c -g -O2 -fno-strict-aliasing  conftest.c >&5
configure:5300: $? = 0
configure:5304: test -z 
			 || test ! -s conftest.err
configure:5307: $? = 0
configure:5310: test -s conftest.o
configure:5313: $? = 0
configure:5324: result: yes
configure:5336: checking for size_t
configure:5360: gcc -c -g -O2 -fno-strict-aliasing  conftest.c >&5
configure:5366: $? = 0
configure:5370: test -z 
			 || test ! -s conftest.err
configure:5373: $? = 0
configure:5376: test -s conftest.o
configure:5379: $? = 0
configure:5390: result: yes
configure:5402: checking return type of signal handlers
configure:5433: gcc -c -g -O2 -fno-strict-aliasing  conftest.c >&5
configure:5439: $? = 0
configure:5443: test -z 
			 || test ! -s conftest.err
configure:5446: $? = 0
configure:5449: test -s conftest.o
configure:5452: $? = 0
configure:5463: result: void
configure:5471: checking whether time.h and sys/time.h may both be included
configure:5496: gcc -c -g -O2 -fno-strict-aliasing  conftest.c >&5
configure:5502: $? = 0
configure:5506: test -z 
			 || test ! -s conftest.err
configure:5509: $? = 0
configure:5512: test -s conftest.o
configure:5515: $? = 0
configure:5526: result: yes
configure:5537: checking for unsigned int
configure:5561: gcc -c -g -O2 -fno-strict-aliasing  conftest.c >&5
configure:5567: $? = 0
configure:5571: test -z 
			 || test ! -s conftest.err
configure:5574: $? = 0
configure:5577: test -s conftest.o
configure:5580: $? = 0
configure:5591: result: yes
configure:5594: checking size of unsigned int
configure:5913: gcc -o conftest -g -O2 -fno-strict-aliasing   conftest.c -lm -lcrypt  >&5
configure:5916: $? = 0
configure:5918: ./conftest
configure:5921: $? = 0
configure:5944: result: 4
configure:6389: checking for working alloca.h
configure:6410: gcc -o conftest -g -O2 -fno-strict-aliasing   conftest.c -lm -lcrypt  >&5
conftest.c:52:20: error: alloca.h: No such file or directory
conftest.c: In function 'main':
conftest.c:56: warning: incompatible implicit declaration of built-in function 'alloca'
configure:6416: $? = 1
configure: failed program was:
| /* confdefs.h.  */
| 
| #define PACKAGE_NAME ""
| #define PACKAGE_TARNAME ""
| #define PACKAGE_VERSION ""
| #define PACKAGE_STRING ""
| #define PACKAGE_BUGREPORT ""
| #define VERSION_NUMBER "1.2c01-svn"
| #define HAVE_RESOLV 1
| #define HAVE_CRYPT 1
| #define HAVE_DIRENT_H 1
| #define STDC_HEADERS 1
| #define HAVE_SYS_TYPES_H 1
| #define HAVE_SYS_STAT_H 1
| #define HAVE_STDLIB_H 1
| #define HAVE_STRING_H 1
| #define HAVE_MEMORY_H 1
| #define HAVE_STRINGS_H 1
| #define HAVE_INTTYPES_H 1
| #define HAVE_STDINT_H 1
| #define HAVE_UNISTD_H 1
| #define HAVE_SYS_SOCKET_H 1
| #define HAVE_SYS_TIME_H 1
| #define HAVE_SYS_FCNTL_H 1
| #define HAVE_FCNTL_H 1
| #define HAVE_SYS_FILE_H 1
| #define HAVE_NETINET_IN_H 1
| #define HAVE_NETDB_H 1
| #define HAVE_SYS_UN_H 1
| #define HAVE_SYS_FILIO_H 1
| #define HAVE_REGEX_H 1
| #define HAVE_ARPA_NAMESER_H 1
| #define HAVE_DIRENT_H 1
| #define HAVE_SYS_DIR_H 1
| #define HAVE_NET_IF_H 1
| #define HAVE_ARPA_INET_H 1
| #define HAVE_RESOLV_H 1
| #define STPCPY_DECLARED 1
| #define KILLPG_DECLARED 1
| #define GETPASS_DECLARED 1
| #define STRUCT_LINGER_DECLARED 1
| #define HAVE_SUN_LEN 1
| #define BCOPY_DECLARED 1
| #define HAVE_DECL_STRSIGNAL 1
| #define HAVE_DECL_SYS_SIGLIST 1
| #define HAVE_DECL__SYS_SIGLIST 0
| #define RETSIGTYPE void
| #define TIME_WITH_SYS_TIME 1
| #define SIZEOF_UNSIGNED_INT 4
| #define UNSIGNED_INT32 1
| /* end confdefs.h.  */
| #include <alloca.h>
| int
| main ()
| {
| char *p = (char *) alloca (2 * sizeof (int));
|   ;
|   return 0;
| }
configure:6441: result: no
configure:6451: checking for alloca
configure:6492: gcc -o conftest -g -O2 -fno-strict-aliasing   conftest.c -lm -lcrypt  >&5
configure:6498: $? = 0
configure:6502: test -z 
			 || test ! -s conftest.err
configure:6505: $? = 0
configure:6508: test -s conftest
configure:6511: $? = 0
configure:6523: result: yes
configure:6747: checking whether getpgrp requires zero arguments
configure:6769: gcc -c -g -O2 -fno-strict-aliasing  conftest.c >&5
conftest.c: In function 'main':
conftest.c:90: error: too many arguments to function 'getpgrp'
configure:6775: $? = 1
configure: failed program was:
| /* confdefs.h.  */
| 
| #define PACKAGE_NAME ""
| #define PACKAGE_TARNAME ""
| #define PACKAGE_VERSION ""
| #define PACKAGE_STRING ""
| #define PACKAGE_BUGREPORT ""
| #define VERSION_NUMBER "1.2c01-svn"
| #define HAVE_RESOLV 1
| #define HAVE_CRYPT 1
| #define HAVE_DIRENT_H 1
| #define STDC_HEADERS 1
| #define HAVE_SYS_TYPES_H 1
| #define HAVE_SYS_STAT_H 1
| #define HAVE_STDLIB_H 1
| #define HAVE_STRING_H 1
| #define HAVE_MEMORY_H 1
| #define HAVE_STRINGS_H 1
| #define HAVE_INTTYPES_H 1
| #define HAVE_STDINT_H 1
| #define HAVE_UNISTD_H 1
| #define HAVE_SYS_SOCKET_H 1
| #define HAVE_SYS_TIME_H 1
| #define HAVE_SYS_FCNTL_H 1
| #define HAVE_FCNTL_H 1
| #define HAVE_SYS_FILE_H 1
| #define HAVE_NETINET_IN_H 1
| #define HAVE_NETDB_H 1
| #define HAVE_SYS_UN_H 1
| #define HAVE_SYS_FILIO_H 1
| #define HAVE_REGEX_H 1
| #define HAVE_ARPA_NAMESER_H 1
| #define HAVE_DIRENT_H 1
| #define HAVE_SYS_DIR_H 1
| #define HAVE_NET_IF_H 1
| #define HAVE_ARPA_INET_H 1
| #define HAVE_RESOLV_H 1
| #define STPCPY_DECLARED 1
| #define KILLPG_DECLARED 1
| #define GETPASS_DECLARED 1
| #define STRUCT_LINGER_DECLARED 1
| #define HAVE_SUN_LEN 1
| #define BCOPY_DECLARED 1
| #define HAVE_DECL_STRSIGNAL 1
| #define HAVE_DECL_SYS_SIGLIST 1
| #define HAVE_DECL__SYS_SIGLIST 0
| #define RETSIGTYPE void
| #define TIME_WITH_SYS_TIME 1
| #define SIZEOF_UNSIGNED_INT 4
| #define UNSIGNED_INT32 1
| #define HAVE_ALLOCA 1
| /* end confdefs.h.  */
| #include <stdio.h>
| #if HAVE_SYS_TYPES_H
| # include <sys/types.h>
| #endif
| #if HAVE_SYS_STAT_H
| # include <sys/stat.h>
| #endif
| #if STDC_HEADERS
| # include <stdlib.h>
| # include <stddef.h>
| #else
| # if HAVE_STDLIB_H
| #  include <stdlib.h>
| # endif
| #endif
| #if HAVE_STRING_H
| # if !STDC_HEADERS && HAVE_MEMORY_H
| #  include <memory.h>
| # endif
| # include <string.h>
| #endif
| #if HAVE_STRINGS_H
| # include <strings.h>
| #endif
| #if HAVE_INTTYPES_H
| # include <inttypes.h>
| #else
| # if HAVE_STDINT_H
| #  include <stdint.h>
| # endif
| #endif
| #if HAVE_UNISTD_H
| # include <unistd.h>
| #endif
| int
| main ()
| {
| getpgrp (0);
|   ;
|   return 0;
| }
configure:6800: result: yes
configure:6810: checking whether setpgrp takes no argument
configure:6842: gcc -o conftest -g -O2 -fno-strict-aliasing   conftest.c -lm -lcrypt  >&5
conftest.c: In function 'main':
conftest.c:64: warning: incompatible implicit declaration of built-in function 'exit'
configure:6845: $? = 0
configure:6847: ./conftest
configure:6850: $? = 0
configure:6864: result: no
configure:6879: checking for strftime
configure:6936: gcc -o conftest -g -O2 -fno-strict-aliasing   conftest.c -lm -lcrypt  >&5
conftest.c:78: warning: conflicting types for built-in function 'strftime'
configure:6942: $? = 0
configure:6946: test -z 
			 || test ! -s conftest.err
configure:6949: $? = 0
configure:6952: test -s conftest
configure:6955: $? = 0
configure:6967: result: yes
configure:7081: checking for socket
configure:7138: gcc -o conftest -g -O2 -fno-strict-aliasing   conftest.c -lm -lcrypt  >&5
configure:7144: $? = 0
configure:7148: test -z 
			 || test ! -s conftest.err
configure:7151: $? = 0
configure:7154: test -s conftest
configure:7157: $? = 0
configure:7169: result: yes
configure:7081: checking for gethostname
configure:7138: gcc -o conftest -g -O2 -fno-strict-aliasing   conftest.c -lm -lcrypt  >&5
configure:7144: $? = 0
configure:7148: test -z 
			 || test ! -s conftest.err
configure:7151: $? = 0
configure:7154: test -s conftest
configure:7157: $? = 0
configure:7169: result: yes
configure:7081: checking for gettimeofday
configure:7138: gcc -o conftest -g -O2 -fno-strict-aliasing   conftest.c -lm -lcrypt  >&5
configure:7144: $? = 0
configure:7148: test -z 
			 || test ! -s conftest.err
configure:7151: $? = 0
configure:7154: test -s conftest
configure:7157: $? = 0
configure:7169: result: yes
configure:7081: checking for strtoul
configure:7138: gcc -o conftest -g -O2 -fno-strict-aliasing   conftest.c -lm -lcrypt  >&5
configure:7144: $? = 0
configure:7148: test -z 
			 || test ! -s conftest.err
configure:7151: $? = 0
configure:7154: test -s conftest
configure:7157: $? = 0
configure:7169: result: yes
configure:7081: checking for strlcpy
configure:7138: gcc -o conftest -g -O2 -fno-strict-aliasing   conftest.c -lm -lcrypt  >&5
configure:7144: $? = 0
configure:7148: test -z 
			 || test ! -s conftest.err
configure:7151: $? = 0
configure:7154: test -s conftest
configure:7157: $? = 0
configure:7169: result: yes
configure:7081: checking for strlcat
configure:7138: gcc -o conftest -g -O2 -fno-strict-aliasing   conftest.c -lm -lcrypt  >&5
configure:7144: $? = 0
configure:7148: test -z 
			 || test ! -s conftest.err
configure:7151: $? = 0
configure:7154: test -s conftest
configure:7157: $? = 0
configure:7169: result: yes
configure:7081: checking for stpcpy
configure:7138: gcc -o conftest -g -O2 -fno-strict-aliasing   conftest.c -lm -lcrypt  >&5
conftest.c:85: warning: conflicting types for built-in function 'stpcpy'
configure:7144: $? = 0
configure:7148: test -z 
			 || test ! -s conftest.err
configure:7151: $? = 0
configure:7154: test -s conftest
configure:7157: $? = 0
configure:7169: result: yes
configure:7081: checking for vsnprintf
configure:7138: gcc -o conftest -g -O2 -fno-strict-aliasing   conftest.c -lm -lcrypt  >&5
conftest.c:86: warning: conflicting types for built-in function 'vsnprintf'
configure:7144: $? = 0
configure:7148: test -z 
			 || test ! -s conftest.err
configure:7151: $? = 0
configure:7154: test -s conftest
configure:7157: $? = 0
configure:7169: result: yes
configure:7081: checking for snprintf
configure:7138: gcc -o conftest -g -O2 -fno-strict-aliasing   conftest.c -lm -lcrypt  >&5
conftest.c:87: warning: conflicting types for built-in function 'snprintf'
configure:7144: $? = 0
configure:7148: test -z 
			 || test ! -s conftest.err
configure:7151: $? = 0
configure:7154: test -s conftest
configure:7157: $? = 0
configure:7169: result: yes
configure:7081: checking for setsid
configure:7138: gcc -o conftest -g -O2 -fno-strict-aliasing   conftest.c -lm -lcrypt  >&5
configure:7144: $? = 0
configure:7148: test -z 
			 || test ! -s conftest.err
configure:7151: $? = 0
configure:7154: test -s conftest
configure:7157: $? = 0
configure:7169: result: yes
configure:7081: checking for strerror
configure:7138: gcc -o conftest -g -O2 -fno-strict-aliasing   conftest.c -lm -lcrypt  >&5
configure:7144: $? = 0
configure:7148: test -z 
			 || test ! -s conftest.err
configure:7151: $? = 0
configure:7154: test -s conftest
configure:7157: $? = 0
configure:7169: result: yes
configure:7081: checking for uname
configure:7138: gcc -o conftest -g -O2 -fno-strict-aliasing   conftest.c -lm -lcrypt  >&5
configure:7144: $? = 0
configure:7148: test -z 
			 || test ! -s conftest.err
configure:7151: $? = 0
configure:7154: test -s conftest
configure:7157: $? = 0
configure:7169: result: yes
configure:7081: checking for getrusage
configure:7138: gcc -o conftest -g -O2 -fno-strict-aliasing   conftest.c -lm -lcrypt  >&5
configure:7144: $? = 0
configure:7148: test -z 
			 || test ! -s conftest.err
configure:7151: $? = 0
configure:7154: test -s conftest
configure:7157: $? = 0
configure:7169: result: yes
configure:7081: checking for sysconf
configure:7138: gcc -o conftest -g -O2 -fno-strict-aliasing   conftest.c -lm -lcrypt  >&5
configure:7144: $? = 0
configure:7148: test -z 
			 || test ! -s conftest.err
configure:7151: $? = 0
configure:7154: test -s conftest
configure:7157: $? = 0
configure:7169: result: yes
configure:7081: checking for getpgid
configure:7138: gcc -o conftest -g -O2 -fno-strict-aliasing   conftest.c -lm -lcrypt  >&5
configure:7144: $? = 0
configure:7148: test -z 
			 || test ! -s conftest.err
configure:7151: $? = 0
configure:7154: test -s conftest
configure:7157: $? = 0
configure:7169: result: yes
configure:7081: checking for killpg
configure:7138: gcc -o conftest -g -O2 -fno-strict-aliasing   conftest.c -lm -lcrypt  >&5
configure:7144: $? = 0
configure:7148: test -z 
			 || test ! -s conftest.err
configure:7151: $? = 0
configure:7154: test -s conftest
configure:7157: $? = 0
configure:7169: result: yes
configure:7081: checking for getlogin
configure:7138: gcc -o conftest -g -O2 -fno-strict-aliasing   conftest.c -lm -lcrypt  >&5
configure:7144: $? = 0
configure:7148: test -z 
			 || test ! -s conftest.err
configure:7151: $? = 0
configure:7154: test -s conftest
configure:7157: $? = 0
configure:7169: result: yes
configure:7081: checking for realpath
configure:7138: gcc -o conftest -g -O2 -fno-strict-aliasing   conftest.c -lm -lcrypt  >&5
configure:7144: $? = 0
configure:7148: test -z 
			 || test ! -s conftest.err
configure:7151: $? = 0
configure:7154: test -s conftest
configure:7157: $? = 0
configure:7169: result: yes
configure:7081: checking for fchdir
configure:7138: gcc -o conftest -g -O2 -fno-strict-aliasing   conftest.c -lm -lcrypt  >&5
configure:7144: $? = 0
configure:7148: test -z 
			 || test ! -s conftest.err
configure:7151: $? = 0
configure:7154: test -s conftest
configure:7157: $? = 0
configure:7169: result: yes
configure:7081: checking for getpass
configure:7138: gcc -o conftest -g -O2 -fno-strict-aliasing   conftest.c -lm -lcrypt  >&5
configure:7144: $? = 0
configure:7148: test -z 
			 || test ! -s conftest.err
configure:7151: $? = 0
configure:7154: test -s conftest
configure:7157: $? = 0
configure:7169: result: yes
configure:7081: checking for fpathconf
configure:7138: gcc -o conftest -g -O2 -fno-strict-aliasing   conftest.c -lm -lcrypt  >&5
configure:7144: $? = 0
configure:7148: test -z 
			 || test ! -s conftest.err
configure:7151: $? = 0
configure:7154: test -s conftest
configure:7157: $? = 0
configure:7169: result: yes
configure:7081: checking for getpwent
configure:7138: gcc -o conftest -g -O2 -fno-strict-aliasing   conftest.c -lm -lcrypt  >&5
configure:7144: $? = 0
configure:7148: test -z 
			 || test ! -s conftest.err
configure:7151: $? = 0
configure:7154: test -s conftest
configure:7157: $? = 0
configure:7169: result: yes
configure:7081: checking for setvbuf
configure:7138: gcc -o conftest -g -O2 -fno-strict-aliasing   conftest.c -lm -lcrypt  >&5
configure:7144: $? = 0
configure:7148: test -z 
			 || test ! -s conftest.err
configure:7151: $? = 0
configure:7154: test -s conftest
configure:7157: $? = 0
configure:7169: result: yes
configure:7081: checking for select
configure:7138: gcc -o conftest -g -O2 -fno-strict-aliasing   conftest.c -lm -lcrypt  >&5
configure:7144: $? = 0
configure:7148: test -z 
			 || test ! -s conftest.err
configure:7151: $? = 0
configure:7154: test -s conftest
configure:7157: $? = 0
configure:7169: result: yes
configure:7081: checking for mkstemp
configure:7138: gcc -o conftest -g -O2 -fno-strict-aliasing   conftest.c -lm -lcrypt  >&5
configure:7144: $? = 0
configure:7148: test -z 
			 || test ! -s conftest.err
configure:7151: $? = 0
configure:7154: test -s conftest
configure:7157: $? = 0
configure:7169: result: yes
configure:7081: checking for memmove
configure:7138: gcc -o conftest -g -O2 -fno-strict-aliasing   conftest.c -lm -lcrypt  >&5
conftest.c:104: warning: conflicting types for built-in function 'memmove'
configure:7144: $? = 0
configure:7148: test -z 
			 || test ! -s conftest.err
configure:7151: $? = 0
configure:7154: test -s conftest
configure:7157: $? = 0
configure:7169: result: yes
configure:7081: checking for scandir
configure:7138: gcc -o conftest -g -O2 -fno-strict-aliasing   conftest.c -lm -lcrypt  >&5
configure:7144: $? = 0
configure:7148: test -z 
			 || test ! -s conftest.err
configure:7151: $? = 0
configure:7154: test -s conftest
configure:7157: $? = 0
configure:7169: result: yes
configure:7179: checking for gethostbyname
configure:7236: gcc -o conftest -g -O2 -fno-strict-aliasing   conftest.c -lm -lcrypt  >&5
configure:7242: $? = 0
configure:7246: test -z 
			 || test ! -s conftest.err
configure:7249: $? = 0
configure:7252: test -s conftest
configure:7255: $? = 0
configure:7267: result: yes
configure:7342: checking for connect
configure:7399: gcc -o conftest -g -O2 -fno-strict-aliasing   conftest.c -lm -lcrypt  >&5
configure:7405: $? = 0
configure:7409: test -z 
			 || test ! -s conftest.err
configure:7412: $? = 0
configure:7415: test -s conftest
configure:7418: $? = 0
configure:7430: result: yes
configure:7505: checking for inet_aton
configure:7562: gcc -o conftest -g -O2 -fno-strict-aliasing   conftest.c -lm -lcrypt  >&5
configure:7568: $? = 0
configure:7572: test -z 
			 || test ! -s conftest.err
configure:7575: $? = 0
configure:7578: test -s conftest
configure:7581: $? = 0
configure:7593: result: yes
configure:7678: checking for function prototypes
configure:7681: result: yes
configure:7698: checking whether setvbuf arguments are reversed
configure:7723: gcc -o conftest -g -O2 -fno-strict-aliasing   conftest.c -lm -lcrypt  >&5
conftest.c:87: error: conflicting types for 'setvbuf'
/usr/include/stdio.h:246: error: previous declaration of 'setvbuf' was here
configure:7729: $? = 1
configure: failed program was:
| /* confdefs.h.  */
| 
| #define PACKAGE_NAME ""
| #define PACKAGE_TARNAME ""
| #define PACKAGE_VERSION ""
| #define PACKAGE_STRING ""
| #define PACKAGE_BUGREPORT ""
| #define VERSION_NUMBER "1.2c01-svn"
| #define HAVE_RESOLV 1
| #define HAVE_CRYPT 1
| #define HAVE_DIRENT_H 1
| #define STDC_HEADERS 1
| #define HAVE_SYS_TYPES_H 1
| #define HAVE_SYS_STAT_H 1
| #define HAVE_STDLIB_H 1
| #define HAVE_STRING_H 1
| #define HAVE_MEMORY_H 1
| #define HAVE_STRINGS_H 1
| #define HAVE_INTTYPES_H 1
| #define HAVE_STDINT_H 1
| #define HAVE_UNISTD_H 1
| #define HAVE_SYS_SOCKET_H 1
| #define HAVE_SYS_TIME_H 1
| #define HAVE_SYS_FCNTL_H 1
| #define HAVE_FCNTL_H 1
| #define HAVE_SYS_FILE_H 1
| #define HAVE_NETINET_IN_H 1
| #define HAVE_NETDB_H 1
| #define HAVE_SYS_UN_H 1
| #define HAVE_SYS_FILIO_H 1
| #define HAVE_REGEX_H 1
| #define HAVE_ARPA_NAMESER_H 1
| #define HAVE_DIRENT_H 1
| #define HAVE_SYS_DIR_H 1
| #define HAVE_NET_IF_H 1
| #define HAVE_ARPA_INET_H 1
| #define HAVE_RESOLV_H 1
| #define STPCPY_DECLARED 1
| #define KILLPG_DECLARED 1
| #define GETPASS_DECLARED 1
| #define STRUCT_LINGER_DECLARED 1
| #define HAVE_SUN_LEN 1
| #define BCOPY_DECLARED 1
| #define HAVE_DECL_STRSIGNAL 1
| #define HAVE_DECL_SYS_SIGLIST 1
| #define HAVE_DECL__SYS_SIGLIST 0
| #define RETSIGTYPE void
| #define TIME_WITH_SYS_TIME 1
| #define SIZEOF_UNSIGNED_INT 4
| #define UNSIGNED_INT32 1
| #define HAVE_ALLOCA 1
| #define GETPGRP_VOID 1
| #define HAVE_STRFTIME 1
| #define HAVE_SOCKET 1
| #define HAVE_GETHOSTNAME 1
| #define HAVE_GETTIMEOFDAY 1
| #define HAVE_STRTOUL 1
| #define HAVE_STRLCPY 1
| #define HAVE_STRLCAT 1
| #define HAVE_STPCPY 1
| #define HAVE_VSNPRINTF 1
| #define HAVE_SNPRINTF 1
| #define HAVE_SETSID 1
| #define HAVE_STRERROR 1
| #define HAVE_UNAME 1
| #define HAVE_GETRUSAGE 1
| #define HAVE_SYSCONF 1
| #define HAVE_GETPGID 1
| #define HAVE_KILLPG 1
| #define HAVE_GETLOGIN 1
| #define HAVE_REALPATH 1
| #define HAVE_FCHDIR 1
| #define HAVE_GETPASS 1
| #define HAVE_FPATHCONF 1
| #define HAVE_GETPWENT 1
| #define HAVE_SETVBUF 1
| #define HAVE_SELECT 1
| #define HAVE_MKSTEMP 1
| #define HAVE_MEMMOVE 1
| #define HAVE_SCANDIR 1
| #define HAVE_INET_ATON 1
| #define PROTOTYPES 1
| #define __PROTOTYPES 1
| /* end confdefs.h.  */
| #include <stdio.h>
| #	  if PROTOTYPES
| 	   int (setvbuf) (FILE *, int, char *, size_t);
| #	  endif
| int
| main ()
| {
| char buf; return setvbuf (stdout, _IOLBF, &buf, 1);
|   ;
|   return 0;
| }
configure:7850: result: no
configure:7866: checking for non-blocking type
configure:7919: gcc -o conftest -g -O2 -fno-strict-aliasing   conftest.c -lm -lcrypt  >&5
conftest.c: In function 'alarmed':
conftest.c:97: warning: incompatible implicit declaration of built-in function 'exit'
conftest.c: In function 'main':
conftest.c:111: warning: incompatible implicit declaration of built-in function 'exit'
conftest.c:113: warning: incompatible implicit declaration of built-in function 'exit'
configure:7922: $? = 0
configure:7924: ./conftest
configure:7927: $? = 0
configure:8007: result: posix
configure:8050: checking for a list of signal names
configure:8123: result: sys_siglist
configure:8130: checking whether to enable GTK support
configure:9830: result: no
configure:9835: checking whether to enable Win32 GUI support
configure:9857: result: no
configure:9865: checking whether to enable OS/2 PM support
configure:9892: result: no
configure:9897: checking whether to enable sound support
configure:10506: result: no
configure:10511: checking whether to enable SSL support
configure:10701: result: no
configure:10735: checking whether to use use tgetent or setupterm
configure:11301: result: setupterm
configure:11303: checking for setupterm in -lncurses
configure:11333: gcc -o conftest -g -O2 -fno-strict-aliasing   conftest.c -lncurses  -lm -lcrypt  >&5
configure:11339: $? = 0
configure:11343: test -z 
			 || test ! -s conftest.err
configure:11346: $? = 0
configure:11349: test -s conftest
configure:11352: $? = 0
configure:11365: result: yes
configure:11864: checking for tparm in ncurses.h
configure:11889: result: yes
configure:11899: checking for tparm in -lncurses
configure:11929: gcc -o conftest -g -O2 -fno-strict-aliasing   conftest.c -lncurses  -lncurses -lm -lcrypt  >&5
configure:11935: $? = 0
configure:11939: test -z 
			 || test ! -s conftest.err
configure:11942: $? = 0
configure:11945: test -s conftest
configure:11948: $? = 0
configure:11961: result: yes
configure:11987: checking ncurses.h usability
configure:11999: gcc -c -g -O2 -fno-strict-aliasing  conftest.c >&5
configure:12005: $? = 0
configure:12009: test -z 
			 || test ! -s conftest.err
configure:12012: $? = 0
configure:12015: test -s conftest.o
configure:12018: $? = 0
configure:12028: result: yes
configure:12032: checking ncurses.h presence
configure:12042: gcc -E  conftest.c
configure:12048: $? = 0
configure:12068: result: yes
configure:12103: checking for ncurses.h
configure:12110: result: yes
configure:11987: checking ncurses/termcap.h usability
configure:11999: gcc -c -g -O2 -fno-strict-aliasing  conftest.c >&5
conftest.c:125:29: error: ncurses/termcap.h: No such file or directory
configure:12005: $? = 1
configure: failed program was:
| /* confdefs.h.  */
| 
| #define PACKAGE_NAME ""
| #define PACKAGE_TARNAME ""
| #define PACKAGE_VERSION ""
| #define PACKAGE_STRING ""
| #define PACKAGE_BUGREPORT ""
| #define VERSION_NUMBER "1.2c01-svn"
| #define HAVE_RESOLV 1
| #define HAVE_CRYPT 1
| #define HAVE_DIRENT_H 1
| #define STDC_HEADERS 1
| #define HAVE_SYS_TYPES_H 1
| #define HAVE_SYS_STAT_H 1
| #define HAVE_STDLIB_H 1
| #define HAVE_STRING_H 1
| #define HAVE_MEMORY_H 1
| #define HAVE_STRINGS_H 1
| #define HAVE_INTTYPES_H 1
| #define HAVE_STDINT_H 1
| #define HAVE_UNISTD_H 1
| #define HAVE_SYS_SOCKET_H 1
| #define HAVE_SYS_TIME_H 1
| #define HAVE_SYS_FCNTL_H 1
| #define HAVE_FCNTL_H 1
| #define HAVE_SYS_FILE_H 1
| #define HAVE_NETINET_IN_H 1
| #define HAVE_NETDB_H 1
| #define HAVE_SYS_UN_H 1
| #define HAVE_SYS_FILIO_H 1
| #define HAVE_REGEX_H 1
| #define HAVE_ARPA_NAMESER_H 1
| #define HAVE_DIRENT_H 1
| #define HAVE_SYS_DIR_H 1
| #define HAVE_NET_IF_H 1
| #define HAVE_ARPA_INET_H 1
| #define HAVE_RESOLV_H 1
| #define STPCPY_DECLARED 1
| #define KILLPG_DECLARED 1
| #define GETPASS_DECLARED 1
| #define STRUCT_LINGER_DECLARED 1
| #define HAVE_SUN_LEN 1
| #define BCOPY_DECLARED 1
| #define HAVE_DECL_STRSIGNAL 1
| #define HAVE_DECL_SYS_SIGLIST 1
| #define HAVE_DECL__SYS_SIGLIST 0
| #define RETSIGTYPE void
| #define TIME_WITH_SYS_TIME 1
| #define SIZEOF_UNSIGNED_INT 4
| #define UNSIGNED_INT32 1
| #define HAVE_ALLOCA 1
| #define GETPGRP_VOID 1
| #define HAVE_STRFTIME 1
| #define HAVE_SOCKET 1
| #define HAVE_GETHOSTNAME 1
| #define HAVE_GETTIMEOFDAY 1
| #define HAVE_STRTOUL 1
| #define HAVE_STRLCPY 1
| #define HAVE_STRLCAT 1
| #define HAVE_STPCPY 1
| #define HAVE_VSNPRINTF 1
| #define HAVE_SNPRINTF 1
| #define HAVE_SETSID 1
| #define HAVE_STRERROR 1
| #define HAVE_UNAME 1
| #define HAVE_GETRUSAGE 1
| #define HAVE_SYSCONF 1
| #define HAVE_GETPGID 1
| #define HAVE_KILLPG 1
| #define HAVE_GETLOGIN 1
| #define HAVE_REALPATH 1
| #define HAVE_FCHDIR 1
| #define HAVE_GETPASS 1
| #define HAVE_FPATHCONF 1
| #define HAVE_GETPWENT 1
| #define HAVE_SETVBUF 1
| #define HAVE_SELECT 1
| #define HAVE_MKSTEMP 1
| #define HAVE_MEMMOVE 1
| #define HAVE_SCANDIR 1
| #define HAVE_INET_ATON 1
| #define PROTOTYPES 1
| #define __PROTOTYPES 1
| #define NBLOCK_POSIX 1
| #define VERSION "BitchX-1.2c01-svn"
| #define _VERSION_ "BitchX"
| #define TPARM_DECLARED 1
| #define HAVE_TPARM 1
| #define HAVE_NCURSES_H 1
| /* end confdefs.h.  */
| #include <stdio.h>
| #if HAVE_SYS_TYPES_H
| # include <sys/types.h>
| #endif
| #if HAVE_SYS_STAT_H
| # include <sys/stat.h>
| #endif
| #if STDC_HEADERS
| # include <stdlib.h>
| # include <stddef.h>
| #else
| # if HAVE_STDLIB_H
| #  include <stdlib.h>
| # endif
| #endif
| #if HAVE_STRING_H
| # if !STDC_HEADERS && HAVE_MEMORY_H
| #  include <memory.h>
| # endif
| # include <string.h>
| #endif
| #if HAVE_STRINGS_H
| # include <strings.h>
| #endif
| #if HAVE_INTTYPES_H
| # include <inttypes.h>
| #else
| # if HAVE_STDINT_H
| #  include <stdint.h>
| # endif
| #endif
| #if HAVE_UNISTD_H
| # include <unistd.h>
| #endif
| #include <ncurses/termcap.h>
configure:12028: result: no
configure:12032: checking ncurses/termcap.h presence
configure:12042: gcc -E  conftest.c
conftest.c:91:29: error: ncurses/termcap.h: No such file or directory
configure:12048: $? = 1
configure: failed program was:
| /* confdefs.h.  */
| 
| #define PACKAGE_NAME ""
| #define PACKAGE_TARNAME ""
| #define PACKAGE_VERSION ""
| #define PACKAGE_STRING ""
| #define PACKAGE_BUGREPORT ""
| #define VERSION_NUMBER "1.2c01-svn"
| #define HAVE_RESOLV 1
| #define HAVE_CRYPT 1
| #define HAVE_DIRENT_H 1
| #define STDC_HEADERS 1
| #define HAVE_SYS_TYPES_H 1
| #define HAVE_SYS_STAT_H 1
| #define HAVE_STDLIB_H 1
| #define HAVE_STRING_H 1
| #define HAVE_MEMORY_H 1
| #define HAVE_STRINGS_H 1
| #define HAVE_INTTYPES_H 1
| #define HAVE_STDINT_H 1
| #define HAVE_UNISTD_H 1
| #define HAVE_SYS_SOCKET_H 1
| #define HAVE_SYS_TIME_H 1
| #define HAVE_SYS_FCNTL_H 1
| #define HAVE_FCNTL_H 1
| #define HAVE_SYS_FILE_H 1
| #define HAVE_NETINET_IN_H 1
| #define HAVE_NETDB_H 1
| #define HAVE_SYS_UN_H 1
| #define HAVE_SYS_FILIO_H 1
| #define HAVE_REGEX_H 1
| #define HAVE_ARPA_NAMESER_H 1
| #define HAVE_DIRENT_H 1
| #define HAVE_SYS_DIR_H 1
| #define HAVE_NET_IF_H 1
| #define HAVE_ARPA_INET_H 1
| #define HAVE_RESOLV_H 1
| #define STPCPY_DECLARED 1
| #define KILLPG_DECLARED 1
| #define GETPASS_DECLARED 1
| #define STRUCT_LINGER_DECLARED 1
| #define HAVE_SUN_LEN 1
| #define BCOPY_DECLARED 1
| #define HAVE_DECL_STRSIGNAL 1
| #define HAVE_DECL_SYS_SIGLIST 1
| #define HAVE_DECL__SYS_SIGLIST 0
| #define RETSIGTYPE void
| #define TIME_WITH_SYS_TIME 1
| #define SIZEOF_UNSIGNED_INT 4
| #define UNSIGNED_INT32 1
| #define HAVE_ALLOCA 1
| #define GETPGRP_VOID 1
| #define HAVE_STRFTIME 1
| #define HAVE_SOCKET 1
| #define HAVE_GETHOSTNAME 1
| #define HAVE_GETTIMEOFDAY 1
| #define HAVE_STRTOUL 1
| #define HAVE_STRLCPY 1
| #define HAVE_STRLCAT 1
| #define HAVE_STPCPY 1
| #define HAVE_VSNPRINTF 1
| #define HAVE_SNPRINTF 1
| #define HAVE_SETSID 1
| #define HAVE_STRERROR 1
| #define HAVE_UNAME 1
| #define HAVE_GETRUSAGE 1
| #define HAVE_SYSCONF 1
| #define HAVE_GETPGID 1
| #define HAVE_KILLPG 1
| #define HAVE_GETLOGIN 1
| #define HAVE_REALPATH 1
| #define HAVE_FCHDIR 1
| #define HAVE_GETPASS 1
| #define HAVE_FPATHCONF 1
| #define HAVE_GETPWENT 1
| #define HAVE_SETVBUF 1
| #define HAVE_SELECT 1
| #define HAVE_MKSTEMP 1
| #define HAVE_MEMMOVE 1
| #define HAVE_SCANDIR 1
| #define HAVE_INET_ATON 1
| #define PROTOTYPES 1
| #define __PROTOTYPES 1
| #define NBLOCK_POSIX 1
| #define VERSION "BitchX-1.2c01-svn"
| #define _VERSION_ "BitchX"
| #define TPARM_DECLARED 1
| #define HAVE_TPARM 1
| #define HAVE_NCURSES_H 1
| /* end confdefs.h.  */
| #include <ncurses/termcap.h>
configure:12068: result: no
configure:12103: checking for ncurses/termcap.h
configure:12110: result: no
configure:11987: checking termcap.h usability
configure:11999: gcc -c -g -O2 -fno-strict-aliasing  conftest.c >&5
configure:12005: $? = 0
configure:12009: test -z 
			 || test ! -s conftest.err
configure:12012: $? = 0
configure:12015: test -s conftest.o
configure:12018: $? = 0
configure:12028: result: yes
configure:12032: checking termcap.h presence
configure:12042: gcc -E  conftest.c
configure:12048: $? = 0
configure:12068: result: yes
configure:12103: checking for termcap.h
configure:12110: result: yes
configure:12124: checking for tputs in ncurses/termcap.h
conftest.c:92:29: error: ncurses/termcap.h: No such file or directory
configure:12149: result: no
configure:12160: checking for tputs in termcap.h
configure:12185: result: no
configure:12195: checking for tputs in -lncurses
configure:12225: gcc -o conftest -g -O2 -fno-strict-aliasing   conftest.c -lncurses  -lncurses -lm -lcrypt  >&5
configure:12231: $? = 0
configure:12235: test -z 
			 || test ! -s conftest.err
configure:12238: $? = 0
configure:12241: test -s conftest
configure:12244: $? = 0
configure:12257: result: yes
configure:13050: checking whether to enable Tcl support
configure:13705: result: no
configure:13710: checking for unix mail directory
configure:13739: result: /var/mail
configure:13757: checking for default server list
configure:13784: result: none
configure:13789: checking whether to enable IPv6 support
configure:13813: gcc -o conftest -g -O2 -fno-strict-aliasing   conftest.c -lncurses -lm -lcrypt  >&5
configure:13819: $? = 0
configure:13823: test -z 
			 || test ! -s conftest.err
configure:13826: $? = 0
configure:13829: test -s conftest
configure:13832: $? = 0
configure:13857: result: yes (native)
configure:13880: checking whether to enable SOCKS support
configure:14061: result: no
configure:14066: checking whether to enable CD-ROM support
configure:14099: result: no
configure:14104: checking whether to enable dmalloc debugging support
configure:14197: result: no
configure:14202: checking whether to enable plugin support
configure:17171: result: not building with plugin support - you will not be able to use plugins
configure:17435: creating ./config.status

## ---------------------- ##
## Running config.status. ##
## ---------------------- ##

This file was extended by config.status, which was
generated by GNU Autoconf 2.59.  Invocation command line was

  CONFIG_FILES    = 
  CONFIG_HEADERS  = 
  CONFIG_LINKS    = 
  CONFIG_COMMANDS = 
  $ ./config.status 

on c3p0.reverse.net

config.status:766: creating Makefile
config.status:766: creating bx-conf/Makefile
config.status:766: creating doc/BitchX.bat
config.status:766: creating doc/Makefile
config.status:766: creating dll/Makefile
config.status:766: creating dll/abot/Makefile
config.status:766: creating dll/acro/Makefile
config.status:766: creating dll/aim/Makefile
config.status:766: creating dll/aim/toc/Makefile
config.status:766: creating dll/amp/Makefile
config.status:766: creating dll/arcfour/Makefile
config.status:766: creating dll/autocycle/Makefile
config.status:766: creating dll/blowfish/Makefile
config.status:766: creating dll/cavlink/Makefile
config.status:766: creating dll/cdrom/Makefile
config.status:766: creating dll/encrypt/Makefile
config.status:766: creating dll/europa/Makefile
config.status:766: creating dll/fserv/Makefile
config.status:766: creating dll/hint/Makefile
config.status:766: creating dll/identd/Makefile
config.status:766: creating dll/nap/Makefile
config.status:766: creating dll/nicklist/Makefile
config.status:766: creating dll/pkga/Makefile
config.status:766: creating dll/possum/Makefile
config.status:766: creating dll/qbx/Makefile
config.status:766: creating dll/qmail/Makefile
config.status:766: creating dll/wavplay/Makefile
config.status:766: creating dll/xmms/Makefile
config.status:766: creating source/Makefile
config.status:870: creating include/defs.h
config.status:1176: include/defs.h is unchanged
config.status:1334: executing default commands

## ---------------- ##
## Cache variables. ##
## ---------------- ##

ac_cv_bcopy_declared=yes
ac_cv_c_compiler_gnu=yes
ac_cv_c_const=yes
ac_cv_c_inline=inline
ac_cv_env_CC_set=''
ac_cv_env_CC_value=''
ac_cv_env_CFLAGS_set=''
ac_cv_env_CFLAGS_value=''
ac_cv_env_CPPFLAGS_set=''
ac_cv_env_CPPFLAGS_value=''
ac_cv_env_CPP_set=''
ac_cv_env_CPP_value=''
ac_cv_env_LDFLAGS_set=''
ac_cv_env_LDFLAGS_value=''
ac_cv_env_build_alias_set=''
ac_cv_env_build_alias_value=''
ac_cv_env_host_alias_set=''
ac_cv_env_host_alias_value=''
ac_cv_env_target_alias_set=''
ac_cv_env_target_alias_value=''
ac_cv_errno_declared=no
ac_cv_exeext=''
ac_cv_func_alloca_works=yes
ac_cv_func_connect=yes
ac_cv_func_fchdir=yes
ac_cv_func_fpathconf=yes
ac_cv_func_gethostbyname=yes
ac_cv_func_gethostname=yes
ac_cv_func_getlogin=yes
ac_cv_func_getpass=yes
ac_cv_func_getpgid=yes
ac_cv_func_getpgrp_void=yes
ac_cv_func_getpwent=yes
ac_cv_func_getrusage=yes
ac_cv_func_gettimeofday=yes
ac_cv_func_inet_aton=yes
ac_cv_func_killpg=yes
ac_cv_func_memmove=yes
ac_cv_func_mkstemp=yes
ac_cv_func_realpath=yes
ac_cv_func_scandir=yes
ac_cv_func_select=yes
ac_cv_func_setpgrp_void=no
ac_cv_func_setsid=yes
ac_cv_func_setvbuf=yes
ac_cv_func_setvbuf_reversed=no
ac_cv_func_snprintf=yes
ac_cv_func_socket=yes
ac_cv_func_stpcpy=yes
ac_cv_func_strerror=yes
ac_cv_func_strftime=yes
ac_cv_func_strlcat=yes
ac_cv_func_strlcpy=yes
ac_cv_func_strtoul=yes
ac_cv_func_sysconf=yes
ac_cv_func_uname=yes
ac_cv_func_vsnprintf=yes
ac_cv_getpass_declared=yes
ac_cv_getpgid_declared=no
ac_cv_have_decl__sys_siglist=no
ac_cv_have_decl_strsignal=yes
ac_cv_have_decl_sys_siglist=yes
ac_cv_header_arpa_inet_h=yes
ac_cv_header_arpa_nameser_h=yes
ac_cv_header_dirent_dirent_h=yes
ac_cv_header_dirent_h=yes
ac_cv_header_fcntl_h=yes
ac_cv_header_inttypes_h=yes
ac_cv_header_memory_h=yes
ac_cv_header_ncurses_h=yes
ac_cv_header_ncurses_termcap_h=no
ac_cv_header_ndir_h=no
ac_cv_header_net_if_h=yes
ac_cv_header_netdb_h=yes
ac_cv_header_netinet_in_h=yes
ac_cv_header_regex_h=yes
ac_cv_header_resolv_h=yes
ac_cv_header_stdc=yes
ac_cv_header_stdint_h=yes
ac_cv_header_stdlib_h=yes
ac_cv_header_string_h=yes
ac_cv_header_strings_h=yes
ac_cv_header_sys_dir_h=yes
ac_cv_header_sys_fcntl_h=yes
ac_cv_header_sys_file_h=yes
ac_cv_header_sys_filio_h=yes
ac_cv_header_sys_ndir_h=no
ac_cv_header_sys_socket_h=yes
ac_cv_header_sys_stat_h=yes
ac_cv_header_sys_time_h=yes
ac_cv_header_sys_types_h=yes
ac_cv_header_sys_un_h=yes
ac_cv_header_termcap_h=yes
ac_cv_header_time=yes
ac_cv_header_unistd_h=yes
ac_cv_ipv6_type=native
ac_cv_killpg_declared=yes
ac_cv_lib_c_res_mkquery=yes
ac_cv_lib_crypt_crypt=yes
ac_cv_lib_dgc_inet_addr=no
ac_cv_lib_m_pow=yes
ac_cv_lib_ncurses_setupterm=yes
ac_cv_lib_ncurses_tparm=yes
ac_cv_lib_ncurses_tputs=yes
ac_cv_lib_resolv_res_mkquery=no
ac_cv_lib_sun_getpwnam=no
ac_cv_non_blocking_type=posix
ac_cv_objext=o
ac_cv_path_install='/usr/bin/install -c'
ac_cv_prog_AWK=nawk
ac_cv_prog_CPP='gcc -E'
ac_cv_prog_MAKE=gmake
ac_cv_prog_ac_ct_CC=gcc
ac_cv_prog_cc_g=yes
ac_cv_prog_cc_stdc=''
ac_cv_prog_egrep='grep -E'
ac_cv_prog_gcc_traditional=no
ac_cv_prog_make_gmake_set=yes
ac_cv_search_opendir='none required'
ac_cv_search_strerror='none required'
ac_cv_signal_names=sys_siglist
ac_cv_sizeof_unsigned_int=4
ac_cv_stpcpy_declared=yes
ac_cv_struct_linger_declared=yes
ac_cv_sun_len_declared=yes
ac_cv_tparm_declared=yes
ac_cv_tputs_declared=no
ac_cv_type_mode_t=yes
ac_cv_type_off_t=yes
ac_cv_type_pid_t=yes
ac_cv_type_signal=void
ac_cv_type_size_t=yes
ac_cv_type_uid_t=yes
ac_cv_type_unsigned_int=yes
ac_cv_working_alloca_h=no

## ----------------- ##
## Output variables. ##
## ----------------- ##

ALLOCA=''
AUDIOFILE_CFLAGS=''
AUDIOFILE_CONFIG=''
AUDIOFILE_LIBS=''
AWK='nawk'
BZIP2='-9 --repetitive-best'
CC='gcc'
CD_OBJS=''
CD_SRCS=''
CFLAGS=' -g -O2 -fno-strict-aliasing -Wall'
CP='cp -f'
CPP='gcc -E'
CPPFLAGS=''
DEFAULT_BITCHX_HELP_FILE='BitchX.help'
DEFAULT_BITCHX_IRCNAME_FILE='BitchX.ircnames'
DEFAULT_BITCHX_KICK_FILE='BitchX.kick'
DEFAULT_BITCHX_QUIT_FILE='BitchX.quit'
DEFAULT_CTOOLZ_DIR='~/.BitchX'
DEFAULT_MSGLOGFILE='BitchX.away'
DEFAULT_SCRIPT_HELP_FILE='BitchX.help'
DEFS='-DHAVE_CONFIG_H'
ECHO_C=''
ECHO_N='-n'
ECHO_T=''
EGREP='grep -E'
ESD_CFLAGS=''
ESD_CONFIG=''
ESD_LIBS=''
EXEEXT=''
EXTRAS='wserv scr-bx'
GDK_IMLIB_CFLAGS=''
GDK_IMLIB_LIBS=''
GLIB_CFLAGS=''
GLIB_CONFIG=''
GLIB_LIBS=''
GNOME_CFLAGS=''
GNOME_CONFIG=''
GNOME_LIBS=''
GTK_CFLAGS=''
GTK_CONFIG=''
GTK_LIBS=''
GUI_SRCS=''
GZIP_ENV='--best'
HAVE_INET_ATON=''
HELPDIR='$(IRCLIB)/help'
HINT_FILE='BitchX.hints'
IMLIB_CONFIG=''
INCLUDES='-I. -I$(topdir)/include -I$(top_srcdir)/include -I$(srcdir) -I$(srcdir)/include'
INSTALL_DATA='${INSTALL} -m 644'
INSTALL_EXTRAS='installwserv installscr-bx'
INSTALL_HELP_CMD='cp -pfr bitchx-docs/* $(DESTDIR)$(HELPDIR)'
INSTALL_IRC='${bindir}/$(_VERSION_)$(EXEEXT)'
INSTALL_PROGRAM='${INSTALL}'
INSTALL_SCRBX='${bindir}/scr-bx$(EXEEXT)'
INSTALL_SCRIPT='$(IRCLIB)/script'
INSTALL_WSERV='$(IRCLIB)/wserv$(EXEEXT)'
IRCLIB='${libdir}/bx'
IRCPATH='$(DEFAULT_CTOOLZ_DIR):$(DEFAULT_CTOOLZ_DIR)/plugins:.:$(PLUGINDIR):$(INSTALL_SCRIPT):$(IRCLIB)'
LDFLAGS=''
LIBOBJS=''
LIBS=' -lncurses -lm -lcrypt'
LN_S='ln -s'
LTLIBOBJS=''
MAKE='gmake'
MV='mv -f'
MYSQL_LIBS=''
OBJEXT='o'
PACKAGE_BUGREPORT=''
PACKAGE_NAME=''
PACKAGE_STRING=''
PACKAGE_TARNAME=''
PACKAGE_VERSION=''
PATH_SEPARATOR=':'
PLUGINDIR='$(IRCLIB)/plugins'
PLUGINS=''
RM='rm -f'
SET_MAKE=''
SHELL='/bin/sh'
SHLIB_CFLAGS=''
SHLIB_LD='gcc -shared'
SHLIB_SUFFIX='.so'
TCL_LIBS=''
TCL_OBJS=''
TCL_SRCS=''
TRANSLATION_PATH='$(IRCLIB)/translation'
VERSION='BitchX-1.2c01-svn'
VERSION_NUMBER='1.2c01-svn'
WINNT_INSTALL=''
XMMS_CFLAGS=''
XMMS_CONFIG=''
XMMS_DATA_DIR=''
XMMS_EFFECT_PLUGIN_DIR=''
XMMS_GENERAL_PLUGIN_DIR=''
XMMS_INPUT_PLUGIN_DIR=''
XMMS_LIBS=''
XMMS_OUTPUT_PLUGIN_DIR=''
XMMS_PLUGIN_DIR=''
XMMS_VERSION=''
XMMS_VISUALIZATION_PLUGIN_DIR=''
X_O=''
_VERSION_='BitchX'
ac_ct_CC='gcc'
bindir='${exec_prefix}/bin'
build_alias=''
datadir='${prefix}/share'
exec_prefix='${prefix}'
host_alias=''
includedir='${prefix}/include'
infodir='${prefix}/info'
libdir='${exec_prefix}/lib'
libexecdir='${exec_prefix}/libexec'
localstatedir='${prefix}/var'
mandir='${prefix}/man'
oldincludedir='/usr/include'
prefix='/usr/local'
program_transform_name='s,x,x,'
sbindir='${exec_prefix}/sbin'
sharedstatedir='${prefix}/com'
sysconfdir='${prefix}/etc'
target_alias=''
topdir='/home/packet/bitchx-trunk'

## ----------- ##
## confdefs.h. ##
## ----------- ##

#define BCOPY_DECLARED 1
#define DEFAULT_BITCHX_HELP_FILE "BitchX.help"
#define DEFAULT_BITCHX_IRCNAME_FILE "BitchX.ircnames"
#define DEFAULT_BITCHX_KICK_FILE "BitchX.kick"
#define DEFAULT_BITCHX_QUIT_FILE "BitchX.quit"
#define DEFAULT_CTOOLZ_DIR "~/.BitchX"
#define DEFAULT_MSGLOGFILE "BitchX.away"
#define DEFAULT_SCRIPT_HELP_FILE "BitchX.help"
#define GETPASS_DECLARED 1
#define GETPGRP_VOID 1
#define HAVE_ALLOCA 1
#define HAVE_ARPA_INET_H 1
#define HAVE_ARPA_NAMESER_H 1
#define HAVE_CRYPT 1
#define HAVE_DECL_STRSIGNAL 1
#define HAVE_DECL_SYS_SIGLIST 1
#define HAVE_DECL__SYS_SIGLIST 0
#define HAVE_DIRENT_H 1
#define HAVE_DIRENT_H 1
#define HAVE_FCHDIR 1
#define HAVE_FCNTL_H 1
#define HAVE_FPATHCONF 1
#define HAVE_GETHOSTNAME 1
#define HAVE_GETLOGIN 1
#define HAVE_GETPASS 1
#define HAVE_GETPGID 1
#define HAVE_GETPWENT 1
#define HAVE_GETRUSAGE 1
#define HAVE_GETTIMEOFDAY 1
#define HAVE_INET_ATON 1
#define HAVE_INTTYPES_H 1
#define HAVE_KILLPG 1
#define HAVE_MEMMOVE 1
#define HAVE_MEMORY_H 1
#define HAVE_MKSTEMP 1
#define HAVE_NCURSES_H 1
#define HAVE_NETDB_H 1
#define HAVE_NETINET_IN_H 1
#define HAVE_NET_IF_H 1
#define HAVE_REALPATH 1
#define HAVE_REGEX_H 1
#define HAVE_RESOLV 1
#define HAVE_RESOLV_H 1
#define HAVE_SCANDIR 1
#define HAVE_SELECT 1
#define HAVE_SETSID 1
#define HAVE_SETVBUF 1
#define HAVE_SNPRINTF 1
#define HAVE_SOCKET 1
#define HAVE_STDINT_H 1
#define HAVE_STDLIB_H 1
#define HAVE_STPCPY 1
#define HAVE_STRERROR 1
#define HAVE_STRFTIME 1
#define HAVE_STRINGS_H 1
#define HAVE_STRING_H 1
#define HAVE_STRLCAT 1
#define HAVE_STRLCPY 1
#define HAVE_STRTOUL 1
#define HAVE_SUN_LEN 1
#define HAVE_SYSCONF 1
#define HAVE_SYS_DIR_H 1
#define HAVE_SYS_FCNTL_H 1
#define HAVE_SYS_FILE_H 1
#define HAVE_SYS_FILIO_H 1
#define HAVE_SYS_SOCKET_H 1
#define HAVE_SYS_STAT_H 1
#define HAVE_SYS_TIME_H 1
#define HAVE_SYS_TYPES_H 1
#define HAVE_SYS_UN_H 1
#define HAVE_TERMCAP_H 1
#define HAVE_TERMINFO 1
#define HAVE_TPARM 1
#define HAVE_TPUTS 1
#define HAVE_UNAME 1
#define HAVE_UNISTD_H 1
#define HAVE_VSNPRINTF 1
#define IPV6 1
#define KILLPG_DECLARED 1
#define NBLOCK_POSIX 1
#define PACKAGE_BUGREPORT ""
#define PACKAGE_NAME ""
#define PACKAGE_STRING ""
#define PACKAGE_TARNAME ""
#define PACKAGE_VERSION ""
#define PROTOTYPES 1
#define RETSIGTYPE void
#define SIZEOF_UNSIGNED_INT 4
#define STDC_HEADERS 1
#define STPCPY_DECLARED 1
#define STRUCT_LINGER_DECLARED 1
#define TIME_WITH_SYS_TIME 1
#define TPARM_DECLARED 1
#define UNIX_MAIL "/var/mail"
#define UNSIGNED_INT32 1
#define VERSION "BitchX-1.2c01-svn"
#define VERSION_NUMBER "1.2c01-svn"
#define _VERSION_ "BitchX"
#define __PROTOTYPES 1

configure: exit 0
